#
# A fatal error has been detected by the Java Runtime Environment:
#
#  EXCEPTION_ACCESS_VIOLATION (0xc0000005) at pc=0x0000000014fe8a01, pid=13584, tid=2092
#
# JRE version: 6.0_17-b04
# Java VM: Java HotSpot(TM) 64-Bit Server VM (14.3-b01 mixed mode windows-amd64 )
# Problematic frame:
# C  0x0000000014fe8a01
#
# If you would like to submit a bug report, please visit:
#   http://java.sun.com/webapps/bugreport/crash.jsp
# The crash happened outside the Java Virtual Machine in native code.
# See problematic frame for where to report the bug.
#

---------------  T H R E A D  ---------------

Current thread (0x000000003552c800):  JavaThread "AWT-Windows" daemon [_thread_in_native, id=2092, stack(0x00000000a0000000,0x00000000a4000000)]

siginfo: ExceptionCode=0xc0000005, reading address 0x000000000000001c

Registers:
EAX=0x0000000000000000, EBX=0x00000000087b2010, ECX=0x0000000000000006, EDX=0x0000000000000000
ESP=0x00000000a3fff280, EBP=0xffffffff979808c9, ESI=0x0000000000000000, EDI=0x000000000df20000
EIP=0x0000000014fe8a01, EFLAGS=0x0000000000010206

Top of Stack: (sp=0x00000000a3fff280)
0x00000000a3fff280:   00000000087b2010 0000000000000000
0x00000000a3fff290:   000000000df20000 0000000014ffbad0
0x00000000a3fff2a0:   fffffffffffffffe ffffffff979808c9
0x00000000a3fff2b0:   0000000000000000 0000000000e90fb2
0x00000000a3fff2c0:   0000000000000000 0000000014fe8f58
0x00000000a3fff2d0:   00000000087b2010 0000000000000000
0x00000000a3fff2e0:   0000000000000000 000000000df20000
0x00000000a3fff2f0:   0000000000000544 0000000014ffbffa
0x00000000a3fff300:   00000000087b2010 0000000000000000
0x00000000a3fff310:   0000000000000001 00000000a3fff588
0x00000000a3fff320:   0000000000e90fb2 0000000014ffbc07
0x00000000a3fff330:   0000000000000001 0000000000000038
0x00000000a3fff340:   0000cd7ee520bdec 000000003552c9b8
0x00000000a3fff350:   0000000000000113 000007f891fa171e
0x00000000a3fff360:   000000003552c800 0000000000000001
0x00000000a3fff370:   0000000000000000 0000000000000000 

Instructions: (pc=0x0000000014fe8a01)
0x0000000014fe89f1:   44 24 28 48 8b c8 e8 00 48 1c 00 48 89 44 24 30
0x0000000014fe8a01:   8b 78 1c b9 14 00 00 00 ff 15 d1 1d 21 00 66 8b 


Stack: [0x00000000a0000000,0x00000000a4000000],  sp=0x00000000a3fff280,  free space=65532k
Native frames: (J=compiled Java code, j=interpreted, Vv=VM code, C=native code)
C  0x0000000014fe8a01

Java frames: (J=compiled Java code, j=interpreted, Vv=VM code)
j  sun.awt.windows.WToolkit.eventLoop()V+0
j  sun.awt.windows.WToolkit.run()V+69
j  java.lang.Thread.run()V+11
v  ~StubRoutines::call_stub

---------------  P R O C E S S  ---------------

Java Threads: ( => current thread )
  0x0000000035986800 JavaThread "Timer-2" daemon [_thread_blocked, id=16372, stack(0x0000000113f40000,0x0000000117f40000)]
  0x0000000035985800 JavaThread "com.jniwrapper.NativeResourceCollector" daemon [_thread_blocked, id=15528, stack(0x0000000107f40000,0x000000010bf40000)]
  0x000000003598a000 JavaThread "Code Analyzer updating thread" [_thread_blocked, id=9924, stack(0x00000000f7f40000,0x00000000fbf40000)]
  0x0000000070c43000 JavaThread "Code Analyzer updating thread" [_thread_blocked, id=684, stack(0x00000000f3f40000,0x00000000f7f40000)]
  0x0000000070c3f800 JavaThread "Active Reference Queue Daemon" daemon [_thread_blocked, id=5736, stack(0x00000000eff40000,0x00000000f3f40000)]
  0x0000000070c42800 JavaThread "Timer-1" daemon [_thread_blocked, id=5148, stack(0x00000000ebf40000,0x00000000eff40000)]
  0x0000000070c3e800 JavaThread "ClipboardMonitor Timer" daemon [_thread_blocked, id=8208, stack(0x00000000e7f40000,0x00000000ebf40000)]
  0x0000000070c41800 JavaThread "Explorer NavigationContext request queue" daemon [_thread_blocked, id=6392, stack(0x00000000e3f40000,0x00000000e7f40000)]
  0x0000000070c41000 JavaThread "AddressBar directory emptiness poller" daemon [_thread_blocked, id=13504, stack(0x00000000dbf40000,0x00000000dff40000)]
  0x0000000070c44800 JavaThread "Explorer Refresh Service 1635024729" daemon [_thread_blocked, id=5144, stack(0x00000000d7f40000,0x00000000dbf40000)]
  0x0000000070c3e000 JavaThread "Thread-4" daemon [_thread_blocked, id=13632, stack(0x00000000d1fa0000,0x00000000d5fa0000)]
  0x0000000035839000 JavaThread "TimerQueue" daemon [_thread_blocked, id=12160, stack(0x00000000c0000000,0x00000000c4000000)]
  0x0000000035838800 JavaThread "Thread-3" daemon [_thread_blocked, id=8968, stack(0x00000000b0000000,0x00000000b4000000)]
  0x0000000035837800 JavaThread "FelixPackageAdmin" daemon [_thread_blocked, id=6032, stack(0x00000000bc000000,0x00000000c0000000)]
  0x000000003567d000 JavaThread "FelixStartLevel" daemon [_thread_blocked, id=3040, stack(0x00000000b8000000,0x00000000bc000000)]
  0x000000003567c000 JavaThread "FelixDispatchQueue" daemon [_thread_blocked, id=14388, stack(0x00000000b4000000,0x00000000b8000000)]
  0x0000000035bde800 JavaThread "AWT-EventQueue-0" [_thread_blocked, id=8152, stack(0x00000000ac000000,0x00000000b0000000)]
  0x000000003557b000 JavaThread "com.google.common.base.internal.Finalizer" daemon [_thread_blocked, id=3712, stack(0x00000000a8000000,0x00000000ac000000)]
=>0x000000003552c800 JavaThread "AWT-Windows" daemon [_thread_in_native, id=2092, stack(0x00000000a0000000,0x00000000a4000000)]
  0x000000003552c000 JavaThread "AWT-Shutdown" [_thread_blocked, id=10280, stack(0x000000009c000000,0x00000000a0000000)]
  0x000000003552b800 JavaThread "Java2D Disposer" daemon [_thread_blocked, id=5732, stack(0x0000000098000000,0x000000009c000000)]
  0x0000000035147800 JavaThread "Timer-0" [_thread_blocked, id=13092, stack(0x0000000094000000,0x0000000098000000)]
  0x0000000034f57800 JavaThread "EventMgr Dispatcher" daemon [_thread_in_native, id=7676, stack(0x0000000090000000,0x0000000094000000)]
  0x0000000033cf5800 JavaThread "Low Memory Detector" daemon [_thread_blocked, id=16084, stack(0x0000000088000000,0x000000008c000000)]
  0x0000000033cf0800 JavaThread "CompilerThread1" daemon [_thread_blocked, id=16240, stack(0x0000000084000000,0x0000000088000000)]
  0x0000000033cef800 JavaThread "CompilerThread0" daemon [_thread_blocked, id=5472, stack(0x0000000080000000,0x0000000084000000)]
  0x0000000033cee800 JavaThread "Attach Listener" daemon [_thread_blocked, id=12596, stack(0x000000007bc70000,0x000000007fc70000)]
  0x00000000339bc000 JavaThread "Finalizer" daemon [_thread_blocked, id=10876, stack(0x00000000691e0000,0x000000006d1e0000)]
  0x00000000339b5000 JavaThread "Reference Handler" daemon [_thread_blocked, id=16756, stack(0x00000000651e0000,0x00000000691e0000)]
  0x00000000338e3000 JavaThread "main" [_thread_in_native, id=6764, stack(0x0000000000040000,0x0000000004040000)]

Other Threads:
  0x0000000033ce1800 VMThread [stack: 0x00000000611e0000,0x00000000651e0000] [id=13396]
  0x0000000033d17800 WatcherThread [stack: 0x000000008c000000,0x0000000090000000] [id=11720]

VM state:not at safepoint (normal execution)

VM Mutex/Monitor currently owned by a thread: None

Heap
 PSYoungGen      total 24064K, used 3385K [0x000000004e0e0000, 0x0000000050120000, 0x00000000511e0000)
  eden space 20864K, 1% used [0x000000004e0e0000,0x000000004e11a2f8,0x000000004f540000)
  from space 3200K, 98% used [0x000000004f5c0000,0x000000004f8d41e8,0x000000004f8e0000)
  to   space 6080K, 0% used [0x000000004fb30000,0x000000004fb30000,0x0000000050120000)
 PSOldGen        total 70592K, used 54711K [0x0000000044de0000, 0x00000000492d0000, 0x000000004e0e0000)
  object space 70592K, 77% used [0x0000000044de0000,0x000000004834dc48,0x00000000492d0000)
 PSPermGen       total 110400K, used 73100K [0x000000003cde0000, 0x00000000439b0000, 0x0000000044de0000)
  object space 110400K, 66% used [0x000000003cde0000,0x00000000415432b8,0x00000000439b0000)

Dynamic libraries:
0x0000000140000000 - 0x0000000140028000 	F:\Program Files\MATLAB\R2013a\bin\win64\MATLAB.exe
0x000007f894ba0000 - 0x000007f894d5e000 	C:\Windows\SYSTEM32\ntdll.dll
0x000007f894360000 - 0x000007f894496000 	C:\Windows\system32\KERNEL32.DLL
0x000007f891b30000 - 0x000007f891c23000 	C:\Windows\system32\KERNELBASE.dll
0x0000000074460000 - 0x0000000074515000 	F:\Program Files\MATLAB\R2013a\bin\win64\libut.dll
0x0000000073f70000 - 0x0000000074112000 	F:\Program Files\MATLAB\R2013a\bin\win64\libmwfl.dll
0x0000000180000000 - 0x000000018032f000 	F:\Program Files\MATLAB\R2013a\bin\win64\libmwservices.dll
0x0000000074970000 - 0x0000000074a18000 	F:\Program Files\MATLAB\R2013a\bin\win64\mcr.dll
0x00000000042d0000 - 0x0000000004426000 	F:\Program Files\MATLAB\R2013a\bin\win64\mvm.dll
0x000000006fd20000 - 0x000000006fdb8000 	F:\Program Files\MATLAB\R2013a\bin\win64\MSVCP100.dll
0x000000006fc40000 - 0x000000006fd12000 	F:\Program Files\MATLAB\R2013a\bin\win64\MSVCR100.dll
0x00000000758a0000 - 0x000000007595f000 	F:\Program Files\MATLAB\R2013a\bin\win64\libmwi18n.dll
0x00000000040f0000 - 0x0000000004111000 	F:\Program Files\MATLAB\R2013a\bin\win64\libmwmfl_scalar.dll
0x000000006fc30000 - 0x000000006fc39000 	F:\Program Files\MATLAB\R2013a\bin\win64\boost_system-vc100-mt-1_49.dll
0x000000006fc10000 - 0x000000006fc21000 	F:\Program Files\MATLAB\R2013a\bin\win64\boost_thread-vc100-mt-1_49.dll
0x000007f884e60000 - 0x000007f884eec000 	F:\Program Files\MATLAB\R2013a\bin\win64\boost_log-vc100-mt-1_49.dll
0x000000006fad0000 - 0x000000006fc0e000 	F:\Program Files\MATLAB\R2013a\bin\win64\icuuc49.dll
0x000000006fac0000 - 0x000000006fad0000 	F:\Program Files\MATLAB\R2013a\bin\win64\icuio49.dll
0x000007f885c30000 - 0x000007f885c63000 	F:\Program Files\MATLAB\R2013a\bin\win64\tbb.dll
0x000007f8929e0000 - 0x000007f8929e7000 	C:\Windows\system32\PSAPI.DLL
0x000007f871180000 - 0x000007f8712e3000 	C:\Windows\SYSTEM32\dbghelp.dll
0x000007f8945e0000 - 0x000007f8946be000 	C:\Windows\system32\ADVAPI32.dll
0x000007f891fa0000 - 0x000007f8920ec000 	C:\Windows\system32\USER32.dll
0x0000000000020000 - 0x000000000002d000 	F:\Program Files\MATLAB\R2013a\bin\win64\libmwresource_core.dll
0x000000007a350000 - 0x000000007a737000 	F:\Program Files\MATLAB\R2013a\bin\win64\libmwMATLAB_res.dll
0x000000006fab0000 - 0x000000006fabe000 	F:\Program Files\MATLAB\R2013a\bin\win64\boost_date_time-vc100-mt-1_49.dll
0x000000006fa80000 - 0x000000006faac000 	F:\Program Files\MATLAB\R2013a\bin\win64\boost_filesystem-vc100-mt-1_49.dll
0x000000006f9a0000 - 0x000000006fa7f000 	F:\Program Files\MATLAB\R2013a\bin\win64\boost_regex-vc100-mt-1_49.dll
0x000000006f980000 - 0x000000006f991000 	F:\Program Files\MATLAB\R2013a\bin\win64\boost_signals-vc100-mt-1_49.dll
0x000007f8946d0000 - 0x000007f8946e4000 	C:\Windows\system32\imagehlp.dll
0x000007f891a00000 - 0x000007f891a43000 	C:\Windows\SYSTEM32\POWRPROF.dll
0x0000000075a20000 - 0x0000000075b0b000 	F:\Program Files\MATLAB\R2013a\bin\win64\libmx.dll
0x0000000004160000 - 0x00000000041ae000 	F:\Program Files\MATLAB\R2013a\bin\win64\libmwregexp.dll
0x0000000075f10000 - 0x0000000075f57000 	F:\Program Files\MATLAB\R2013a\bin\win64\mpath.dll
0x000000007b680000 - 0x000000007bc66000 	F:\Program Files\MATLAB\R2013a\bin\win64\mlutil.dll
0x0000000004430000 - 0x0000000004452000 	F:\Program Files\MATLAB\R2013a\bin\win64\libmwMATLAB_settings_res.dll
0x00000000041b0000 - 0x00000000041b6000 	F:\Program Files\MATLAB\R2013a\bin\win64\libmwnativedisplay.dll
0x000007f88ed40000 - 0x000007f88ed50000 	F:\Program Files\MATLAB\R2013a\bin\win64\boost_iostreams-vc100-mt-1_49.dll
0x000007f8853f0000 - 0x000007f885436000 	F:\Program Files\MATLAB\R2013a\bin\win64\boost_serialization-vc100-mt-1_49.dll
0x000007f891c80000 - 0x000007f891d24000 	C:\Windows\WinSxS\amd64_microsoft.windows.common-controls_6595b64144ccf1df_5.82.9200.16384_none_7762d5fd3178b04e\COMCTL32.dll
0x000007f892ac0000 - 0x000007f892b61000 	C:\Windows\system32\COMDLG32.dll
0x000007f890220000 - 0x000007f890235000 	C:\Windows\SYSTEM32\NETAPI32.dll
0x000007f8926d0000 - 0x000007f892728000 	C:\Windows\system32\WS2_32.dll
0x000000006f730000 - 0x000000006f971000 	F:\Program Files\MATLAB\R2013a\bin\win64\xerces-c_2_7.dll
0x000007f892bc0000 - 0x000007f893ea8000 	C:\Windows\system32\SHELL32.dll
0x000007f892380000 - 0x000007f8924fe000 	C:\Windows\system32\ole32.dll
0x000007f892910000 - 0x000007f8929d3000 	C:\Windows\system32\OLEAUT32.dll
0x0000000075000000 - 0x00000000753b1000 	F:\Program Files\MATLAB\R2013a\bin\win64\iqm.dll
0x0000000079fb0000 - 0x0000000079fdf000 	F:\Program Files\MATLAB\R2013a\bin\win64\libmwbridge.dll
0x0000000004460000 - 0x0000000004484000 	F:\Program Files\MATLAB\R2013a\bin\win64\libmex.dll
0x0000000074e80000 - 0x0000000074f30000 	F:\Program Files\MATLAB\R2013a\bin\win64\m_dispatcher.dll
0x000000007b0a0000 - 0x000000007b2f6000 	F:\Program Files\MATLAB\R2013a\bin\win64\mcos.dll
0x0000000073cc0000 - 0x0000000073e0e000 	F:\Program Files\MATLAB\R2013a\bin\win64\libmwgui.dll
0x0000000004490000 - 0x0000000004dd3000 	F:\Program Files\MATLAB\R2013a\bin\win64\hg.dll
0x0000000004de0000 - 0x0000000004ecb000 	F:\Program Files\MATLAB\R2013a\bin\win64\hgutils.dll
0x0000000004ed0000 - 0x00000000056d8000 	F:\Program Files\MATLAB\R2013a\bin\win64\m_interpreter.dll
0x0000000075710000 - 0x00000000757d8000 	F:\Program Files\MATLAB\R2013a\bin\win64\jmi.dll
0x00000000056e0000 - 0x000000000578e000 	F:\Program Files\MATLAB\R2013a\bin\win64\udd_mi.dll
0x0000000005790000 - 0x0000000005a5e000 	F:\Program Files\MATLAB\R2013a\bin\win64\uiw.dll
0x000000007a1f0000 - 0x000000007a20d000 	F:\Program Files\MATLAB\R2013a\bin\win64\mwoles05.DLL
0x0000000005a60000 - 0x0000000005acc000 	F:\Program Files\MATLAB\R2013a\bin\win64\comcli.dll
0x00000000041c0000 - 0x00000000041cc000 	F:\Program Files\MATLAB\R2013a\bin\win64\mlautoregister.dll
0x000007f8944a0000 - 0x000007f8945e0000 	C:\Windows\system32\GDI32.dll
0x000000006f700000 - 0x000000006f725000 	F:\Program Files\MATLAB\R2013a\bin\win64\LIBEXPAT.dll
0x000000006f570000 - 0x000000006f6fa000 	F:\Program Files\MATLAB\R2013a\bin\win64\icuin49.dll
0x000000006e440000 - 0x000000006f562000 	F:\Program Files\MATLAB\R2013a\bin\win64\icudt49.dll
0x000007f892500000 - 0x000007f8925a5000 	C:\Windows\system32\msvcrt.dll
0x000007f892b70000 - 0x000007f892bb8000 	C:\Windows\SYSTEM32\sechost.dll
0x000007f894a60000 - 0x000007f894ba0000 	C:\Windows\system32\RPCRT4.dll
0x000007f885ec0000 - 0x000007f885ee8000 	F:\Program Files\MATLAB\R2013a\bin\win64\tbbmalloc.dll
0x000000006e420000 - 0x000000006e437000 	F:\Program Files\MATLAB\R2013a\bin\win64\zlib1.dll
0x00000000754d0000 - 0x0000000075547000 	F:\Program Files\MATLAB\R2013a\bin\win64\xmlcore.dll
0x000007f892a70000 - 0x000007f892ac0000 	C:\Windows\system32\SHLWAPI.dll
0x000007f891440000 - 0x000007f89144e000 	C:\Windows\SYSTEM32\netutils.dll
0x000007f891620000 - 0x000007f891644000 	C:\Windows\SYSTEM32\srvcli.dll
0x000007f890130000 - 0x000007f890145000 	C:\Windows\SYSTEM32\wkscli.dll
0x000007f8946c0000 - 0x000007f8946c9000 	C:\Windows\system32\NSI.dll
0x000007f8948b0000 - 0x000007f894a60000 	C:\Windows\SYSTEM32\combase.dll
0x0000000074f40000 - 0x0000000074ff6000 	F:\Program Files\MATLAB\R2013a\bin\win64\udd.dll
0x0000000005b00000 - 0x0000000005b24000 	F:\Program Files\MATLAB\R2013a\bin\win64\graphics_util.dll
0x0000000076100000 - 0x000000007615a000 	F:\Program Files\MATLAB\R2013a\bin\win64\libmat.dll
0x00000000761c0000 - 0x0000000076200000 	F:\Program Files\MATLAB\R2013a\bin\win64\libmwhardcopy.dll
0x0000000075c70000 - 0x0000000075cce000 	F:\Program Files\MATLAB\R2013a\bin\win64\libuij.dll
0x0000000072f50000 - 0x000000007318f000 	F:\Program Files\MATLAB\R2013a\bin\win64\hgdatatypes.dll
0x0000000075820000 - 0x000000007589e000 	F:\Program Files\MATLAB\R2013a\bin\win64\libmwlapack.dll
0x0000000005b30000 - 0x0000000005b66000 	F:\Program Files\MATLAB\R2013a\bin\win64\libmwgbtutils.dll
0x0000000005b70000 - 0x0000000005b84000 	F:\Program Files\MATLAB\R2013a\bin\win64\libmwgbt.dll
0x000000006dec0000 - 0x000000006e41d000 	F:\Program Files\MATLAB\R2013a\bin\win64\mfc100.dll
0x000007f88efe0000 - 0x000007f88f05d000 	C:\Windows\SYSTEM32\WINSPOOL.DRV
0x0000000075430000 - 0x00000000754ab000 	F:\Program Files\MATLAB\R2013a\bin\win64\profiler.dll
0x0000000005b90000 - 0x0000000005e13000 	F:\Program Files\MATLAB\R2013a\bin\win64\libmwmathutil.dll
0x0000000079f40000 - 0x0000000079f66000 	F:\Program Files\MATLAB\R2013a\bin\win64\libmwmathrng.dll
0x000000007a1b0000 - 0x000000007a1d0000 	F:\Program Files\MATLAB\R2013a\bin\win64\m_pcodeio.dll
0x0000000079b10000 - 0x0000000079b6c000 	F:\Program Files\MATLAB\R2013a\bin\win64\m_ir.dll
0x0000000078ed0000 - 0x0000000079579000 	F:\Program Files\MATLAB\R2013a\bin\win64\m_parser.dll
0x000000007a130000 - 0x000000007a158000 	F:\Program Files\MATLAB\R2013a\bin\win64\m_pcodegen.dll
0x0000000005e20000 - 0x0000000005e83000 	F:\Program Files\MATLAB\R2013a\bin\win64\libmwspmatrix.dll
0x0000000005e90000 - 0x0000000005e9e000 	F:\Program Files\MATLAB\R2013a\bin\win64\nativejava_services.dll
0x0000000005ea0000 - 0x0000000005ea9000 	F:\Program Files\MATLAB\R2013a\bin\win64\uinone.dll
0x0000000005eb0000 - 0x0000000005ed6000 	F:\Program Files\MATLAB\R2013a\bin\win64\libmwnativefiledialogs.dll
0x000007f889800000 - 0x000007f889817000 	C:\Windows\SYSTEM32\MPR.dll
0x000000006de90000 - 0x000000006debb000 	F:\Program Files\MATLAB\R2013a\bin\win64\ATL100.DLL
0x000007f884880000 - 0x000007f884938000 	F:\Program Files\MATLAB\R2013a\bin\win64\libtex_base.dll
0x0000000072d30000 - 0x0000000072f38000 	F:\Program Files\MATLAB\R2013a\bin\win64\hdf5dll.dll
0x000000007a310000 - 0x000000007a325000 	F:\Program Files\MATLAB\R2013a\bin\win64\libmwbinder.dll
0x0000000005f00000 - 0x0000000005f0b000 	F:\Program Files\MATLAB\R2013a\bin\win64\libmwompwrapper.dll
0x000007f890150000 - 0x000007f890157000 	C:\Windows\SYSTEM32\MSIMG32.dll
0x0000000005f10000 - 0x0000000005f20000 	F:\Program Files\MATLAB\R2013a\bin\win64\libmwmfl_rng.dll
0x0000000074c10000 - 0x0000000074cf8000 	F:\Program Files\MATLAB\R2013a\bin\win64\libmwmathcore.dll
0x000000007a2f0000 - 0x000000007a307000 	F:\Program Files\MATLAB\R2013a\bin\win64\ir_xfmr.dll
0x0000000005f20000 - 0x0000000005f30000 	F:\Program Files\MATLAB\R2013a\bin\win64\mtok.dll
0x0000000005f30000 - 0x0000000005f3c000 	F:\Program Files\MATLAB\R2013a\bin\win64\libmwplatform_res.dll
0x000007f890160000 - 0x000007f8901f6000 	C:\Windows\SYSTEM32\SHCORE.DLL
0x0000000075ea0000 - 0x0000000075f02000 	F:\Program Files\MATLAB\R2013a\bin\win64\libmwcholmod.dll
0x0000000005f60000 - 0x0000000005f6d000 	F:\Program Files\MATLAB\R2013a\bin\win64\libmwamd.dll
0x0000000005f70000 - 0x0000000005f7c000 	F:\Program Files\MATLAB\R2013a\bin\win64\libmwcolamd.dll
0x000000007a290000 - 0x000000007a2a3000 	F:\Program Files\MATLAB\R2013a\bin\win64\libmwblas.dll
0x0000000070290000 - 0x0000000070333000 	C:\Windows\WinSxS\amd64_microsoft.vc90.crt_1fc8b3b9a1e18e3b_9.0.30729.6871_none_08e717a5a83adddf\MSVCR90.dll
0x000007f892730000 - 0x000007f892769000 	C:\Windows\system32\IMM32.DLL
0x000007f8925b0000 - 0x000007f8926c5000 	C:\Windows\system32\MSCTF.dll
0x000007f8908f0000 - 0x000007f8909d6000 	C:\Windows\SYSTEM32\UxTheme.dll
0x000007f88fdb0000 - 0x000007f88fdd1000 	C:\Windows\system32\dwmapi.dll
0x000000006de80000 - 0x000000006de89000 	F:\Program Files\MATLAB\R2013a\bin\win64\MFC100CHS.DLL
0x0000000007d70000 - 0x0000000007dbe000 	F:\Program Files\MATLAB\R2013a\bin\win64\MVMLocal.dll
0x000007f891a60000 - 0x000007f891a75000 	C:\Windows\SYSTEM32\profapi.dll
0x0000000007dc0000 - 0x0000000007dcd000 	F:\Program Files\MATLAB\R2013a\bin\win64\xmlxrcsc.dll
0x000007f8918a0000 - 0x000007f8918aa000 	C:\Windows\SYSTEM32\CRYPTBASE.dll
0x000007f891840000 - 0x000007f89189c000 	C:\Windows\SYSTEM32\bcryptPrimitives.dll

VM Arguments:
jvm_args: -XX:PermSize=32m -Xms64m -XX:NewRatio=3 -XX:MaxPermSize=128m -Xmx196m -XX:MaxDirectMemorySize=2147400000 -Dsun.java2d.noddraw=true -Dsun.awt.nopixfmt=true -Xshare:off -Xrs -Dsun.awt.disableMixing=true -Djava.library.path=F:\Program Files\MATLAB\R2013a\bin\win64;F:\Program Files\MATLAB\R2013a\sys\jxbrowser\win64\lib vfprintf abort -Duser.language=en -Duser.country=US 
java_command: <unknown>
Launcher Type: generic

Environment Variables:
PATH=C:\Users\rid\AppData\Roaming\Tencent\QPlus\4.6.3228.0\QPlusRes\features\mirrorscreen\bin\;C:\Users\rid\AppData\Roaming\Tencent\QPlus\4.6.3228.0\QPlusRes\features\mirrorscreen\bin\;C:\Users\rid\AppData\Roaming\Tencent\QPlus\4.6.3228.0\QPlusRes\features\personalcenter\bin\;C:\Users\rid\AppData\Roaming\Tencent\QPlus\4.6.3228.0\QPlusRes\features\backgroundtool\bin\;C:\Users\rid\AppData\Roaming\Tencent\QPlus\4.6.3228.0\QPlusRes\features\kissweather\bin\;C:\Users\rid\AppData\Roaming\Tencent\QPlus\4.6.3228.0\QPlusRes\features\searchtool\bin\;C:\Users\rid\AppData\Roaming\Tencent\QPlus\4.6.3228.0\QPlusRes\features\frequentapptips\bin\;C:\Users\rid\AppData\Roaming\Tencent\QPlus\4.6.3228.0\QPlusRes\features\mirrorscreen\bin\;C:\Users\rid\AppData\Roaming\Tencent\QPlus\4.6.3228.0\Bin\;C:\Program Files\Broadcom\Broadcom 802.11 Network Adapter\Driver;;f:\Program Files (x86)\MATLAB\R2012a\runtime\win32;F:\Program Files (x86)\MATLAB\R2012a\bin\win32;F:\Program Files\Intel\MKL\9.1.027\ia32\bin;f:\Program Files\MATLAB\R2013a\runtime\win64;f:\Program Files\MATLAB\R2013a\bin;F:\Program Files\Lenovo Fingerprint Reader\;F:\Program Files\Lenovo Fingerprint Reader\x86\
USERNAME=rid
OS=Windows_NT
PROCESSOR_IDENTIFIER=Intel64 Family 6 Model 58 Stepping 9, GenuineIntel



---------------  S Y S T E M  ---------------

OS: Windows NT 6.2 Build 9200 

CPU:total 4 (8 cores per cpu, 2 threads per core) family 6 model 58 stepping 9, cmov, cx8, fxsr, mmx, sse, sse2, sse3, ssse3, sse4.1, sse4.2, ht

Memory: 4k page, physical 8141024k(4296464k free), swap 9408436k(4308168k free)

vm_info: Java HotSpot(TM) 64-Bit Server VM (14.3-b01) for windows-amd64 JRE (1.6.0_17-b04), built on Oct 11 2009 00:46:08 by "java_re" with MS VC++ 8.0

time: Sat Jun 22 21:46:21 2013
elapsed time: 5704 seconds

